0 info it worked if it ends with ok
1 verbose cli [ '/usr/bin/node', '/usr/bin/npm', 'run', 'vscode:prepublish' ]
2 info using npm@3.5.2
3 info using node@v8.10.0
4 verbose run-script [ 'prevscode:prepublish',
4 verbose run-script   'vscode:prepublish',
4 verbose run-script   'postvscode:prepublish' ]
5 info lifecycle solidity@0.0.43~prevscode:prepublish: solidity@0.0.43
6 silly lifecycle solidity@0.0.43~prevscode:prepublish: no script for prevscode:prepublish, continuing
7 info lifecycle solidity@0.0.43~vscode:prepublish: solidity@0.0.43
8 verbose lifecycle solidity@0.0.43~vscode:prepublish: unsafe-perm in lifecycle true
9 verbose lifecycle solidity@0.0.43~vscode:prepublish: PATH: /usr/share/npm/bin/node-gyp-bin:/home/itd/Projects/vscode-solidity/node_modules/.bin:/usr/local/sbin:/usr/local/bin:/usr/sbin:/usr/bin:/sbin:/bin:/usr/games:/usr/local/games:/snap/bin:/home/itd/Tools/bin:/home/itd/Tools/bin
10 verbose lifecycle solidity@0.0.43~vscode:prepublish: CWD: /home/itd/Projects/vscode-solidity
11 silly lifecycle solidity@0.0.43~vscode:prepublish: Args: [ '-c', 'tsc -p ./' ]
12 silly lifecycle solidity@0.0.43~vscode:prepublish: Returned: code: 2  signal: null
13 info lifecycle solidity@0.0.43~vscode:prepublish: Failed to exec vscode:prepublish script
14 verbose stack Error: solidity@0.0.43 vscode:prepublish: `tsc -p ./`
14 verbose stack Exit status 2
14 verbose stack     at EventEmitter.<anonymous> (/usr/share/npm/lib/utils/lifecycle.js:232:16)
14 verbose stack     at emitTwo (events.js:126:13)
14 verbose stack     at EventEmitter.emit (events.js:214:7)
14 verbose stack     at ChildProcess.<anonymous> (/usr/share/npm/lib/utils/spawn.js:24:14)
14 verbose stack     at emitTwo (events.js:126:13)
14 verbose stack     at ChildProcess.emit (events.js:214:7)
14 verbose stack     at maybeClose (internal/child_process.js:925:16)
14 verbose stack     at Process.ChildProcess._handle.onexit (internal/child_process.js:209:5)
15 verbose pkgid solidity@0.0.43
16 verbose cwd /home/itd/Projects/vscode-solidity
17 error Linux 4.15.0-22-generic
18 error argv "/usr/bin/node" "/usr/bin/npm" "run" "vscode:prepublish"
19 error node v8.10.0
20 error npm  v3.5.2
21 error code ELIFECYCLE
22 error solidity@0.0.43 vscode:prepublish: `tsc -p ./`
22 error Exit status 2
23 error Failed at the solidity@0.0.43 vscode:prepublish script 'tsc -p ./'.
23 error Make sure you have the latest version of node.js and npm installed.
23 error If you do, this is most likely a problem with the solidity package,
23 error not with npm itself.
23 error Tell the author that this fails on your system:
23 error     tsc -p ./
23 error You can get information on how to open an issue for this project with:
23 error     npm bugs solidity
23 error Or if that isn't available, you can get their info via:
23 error     npm owner ls solidity
23 error There is likely additional logging output above.
24 verbose exit [ 1, true ]
